<?xml version="1.0" encoding="UTF-8"?>
<testsuite name="com.octanner.interview.darkwizard.DarkWizardApplicationTests" tests="1" skipped="0" failures="0" errors="0" timestamp="2023-08-12T18:03:01" hostname="LAPTOP-FDCOUU8S" time="0.825">
  <properties/>
  <testcase name="contextLoads()" classname="com.octanner.interview.darkwizard.DarkWizardApplicationTests" time="0.825"/>
  <system-out><![CDATA[12:02:58.209 [Test worker] INFO org.springframework.test.context.support.AnnotationConfigContextLoaderUtils -- Could not detect default configuration classes for test class [com.octanner.interview.darkwizard.DarkWizardApplicationTests]: DarkWizardApplicationTests does not declare any static, non-private, non-final, nested classes annotated with @Configuration.
12:02:58.299 [Test worker] INFO org.springframework.boot.test.context.SpringBootTestContextBootstrapper -- Found @SpringBootConfiguration com.octanner.interview.darkwizard.DarkWizardApplication for test class com.octanner.interview.darkwizard.DarkWizardApplicationTests

  .   ____          _            __ _ _
 /\\ / ___'_ __ _ _(_)_ __  __ _ \ \ \ \
( ( )\___ | '_ | '_| | '_ \/ _` | \ \ \ \
 \\/  ___)| |_)| | | | | || (_| |  ) ) ) )
  '  |____| .__|_| |_|_| |_\__, | / / / /
 =========|_|==============|___/=/_/_/_/
 :: Spring Boot ::                (v3.1.1)

2023-08-12T12:02:58.827-06:00  INFO 28116 --- [    Test worker] c.o.i.d.DarkWizardApplicationTests       : Starting DarkWizardApplicationTests using Java 20.0.1 with PID 28116 (started by Jordan Quinn in C:\Users\Jordan Quinn\Downloads\dark-wizard-main\dark-wizard-main)
2023-08-12T12:02:58.828-06:00  INFO 28116 --- [    Test worker] c.o.i.d.DarkWizardApplicationTests       : No active profile set, falling back to 1 default profile: "default"
2023-08-12T12:02:59.465-06:00  INFO 28116 --- [    Test worker] .s.d.r.c.RepositoryConfigurationDelegate : Bootstrapping Spring Data JDBC repositories in DEFAULT mode.
2023-08-12T12:02:59.495-06:00  INFO 28116 --- [    Test worker] .s.d.r.c.RepositoryConfigurationDelegate : Finished Spring Data repository scanning in 22 ms. Found 0 JDBC repository interfaces.
2023-08-12T12:03:00.218-06:00  INFO 28116 --- [    Test worker] o.f.c.internal.license.VersionPrinter    : Flyway Community Edition 9.16.3 by Redgate
2023-08-12T12:03:00.218-06:00  INFO 28116 --- [    Test worker] o.f.c.internal.license.VersionPrinter    : See release notes here: https://rd.gt/416ObMi
2023-08-12T12:03:00.218-06:00  INFO 28116 --- [    Test worker] o.f.c.internal.license.VersionPrinter    : 
2023-08-12T12:03:00.261-06:00  INFO 28116 --- [    Test worker] com.zaxxer.hikari.HikariDataSource       : HikariPool-1 - Starting...
2023-08-12T12:03:00.522-06:00  INFO 28116 --- [    Test worker] com.zaxxer.hikari.pool.HikariPool        : HikariPool-1 - Added connection org.postgresql.jdbc.PgConnection@b27b210
2023-08-12T12:03:00.526-06:00  INFO 28116 --- [    Test worker] com.zaxxer.hikari.HikariDataSource       : HikariPool-1 - Start completed.
2023-08-12T12:03:00.558-06:00  INFO 28116 --- [    Test worker] o.f.c.i.database.base.BaseDatabaseType   : Database: jdbc:postgresql://localhost:5432/wizard (PostgreSQL 15.1)
2023-08-12T12:03:00.610-06:00  INFO 28116 --- [    Test worker] o.f.core.internal.command.DbValidate     : Successfully validated 1 migration (execution time 00:00.027s)
2023-08-12T12:03:00.669-06:00  INFO 28116 --- [    Test worker] o.f.core.internal.command.DbMigrate      : Current version of schema "public": 01
2023-08-12T12:03:00.671-06:00  INFO 28116 --- [    Test worker] o.f.core.internal.command.DbMigrate      : Schema "public" is up to date. No migration necessary.
2023-08-12T12:03:01.266-06:00  INFO 28116 --- [    Test worker] c.o.i.d.DarkWizardApplicationTests       : Started DarkWizardApplicationTests in 2.773 seconds (process running for 4.212)
]]></system-out>
  <system-err><![CDATA[]]></system-err>
</testsuite>
