<?xml version="1.0" encoding="UTF-8"?>
<testsuite name="com.octanner.interview.darkwizard.DarkWizardApplicationTests" tests="1" skipped="0" failures="0" errors="0" timestamp="2023-08-12T00:08:16" hostname="LAPTOP-FDCOUU8S" time="0.002">
  <properties/>
  <testcase name="contextLoads()" classname="com.octanner.interview.darkwizard.DarkWizardApplicationTests" time="0.002"/>
  <system-out><![CDATA[2023-08-11T18:08:15.507-06:00  INFO 30604 --- [    Test worker] t.c.s.AnnotationConfigContextLoaderUtils : Could not detect default configuration classes for test class [com.octanner.interview.darkwizard.DarkWizardApplicationTests]: DarkWizardApplicationTests does not declare any static, non-private, non-final, nested classes annotated with @Configuration.
2023-08-11T18:08:15.513-06:00  INFO 30604 --- [    Test worker] .b.t.c.SpringBootTestContextBootstrapper : Found @SpringBootConfiguration com.octanner.interview.darkwizard.DarkWizardApplication for test class com.octanner.interview.darkwizard.DarkWizardApplicationTests

  .   ____          _            __ _ _
 /\\ / ___'_ __ _ _(_)_ __  __ _ \ \ \ \
( ( )\___ | '_ | '_| | '_ \/ _` | \ \ \ \
 \\/  ___)| |_)| | | | | || (_| |  ) ) ) )
  '  |____| .__|_| |_|_| |_\__, | / / / /
 =========|_|==============|___/=/_/_/_/
 :: Spring Boot ::                (v3.1.1)

2023-08-11T18:08:15.550-06:00  INFO 30604 --- [    Test worker] c.o.i.d.DarkWizardApplicationTests       : Starting DarkWizardApplicationTests using Java 20.0.1 with PID 30604 (started by Jordan Quinn in C:\Users\Jordan Quinn\Downloads\dark-wizard-main\dark-wizard-main)
2023-08-11T18:08:15.550-06:00  INFO 30604 --- [    Test worker] c.o.i.d.DarkWizardApplicationTests       : No active profile set, falling back to 1 default profile: "default"
2023-08-11T18:08:15.733-06:00  INFO 30604 --- [    Test worker] .s.d.r.c.RepositoryConfigurationDelegate : Bootstrapping Spring Data JDBC repositories in DEFAULT mode.
2023-08-11T18:08:15.746-06:00  INFO 30604 --- [    Test worker] .s.d.r.c.RepositoryConfigurationDelegate : Finished Spring Data repository scanning in 8 ms. Found 0 JDBC repository interfaces.
2023-08-11T18:08:15.845-06:00  INFO 30604 --- [    Test worker] com.zaxxer.hikari.HikariDataSource       : HikariPool-2 - Starting...
2023-08-11T18:08:15.860-06:00  INFO 30604 --- [    Test worker] com.zaxxer.hikari.pool.HikariPool        : HikariPool-2 - Added connection org.postgresql.jdbc.PgConnection@29d3d0fb
2023-08-11T18:08:15.860-06:00  INFO 30604 --- [    Test worker] com.zaxxer.hikari.HikariDataSource       : HikariPool-2 - Start completed.
2023-08-11T18:08:15.862-06:00  INFO 30604 --- [    Test worker] o.f.c.i.database.base.BaseDatabaseType   : Database: jdbc:postgresql://localhost:5432/wizard (PostgreSQL 15.1)
2023-08-11T18:08:15.879-06:00  INFO 30604 --- [    Test worker] o.f.core.internal.command.DbValidate     : Successfully validated 1 migration (execution time 00:00.007s)
2023-08-11T18:08:15.904-06:00  INFO 30604 --- [    Test worker] o.f.core.internal.command.DbMigrate      : Current version of schema "public": 01
2023-08-11T18:08:15.905-06:00  INFO 30604 --- [    Test worker] o.f.core.internal.command.DbMigrate      : Schema "public" is up to date. No migration necessary.
2023-08-11T18:08:16.375-06:00  INFO 30604 --- [    Test worker] c.o.i.d.DarkWizardApplicationTests       : Started DarkWizardApplicationTests in 0.848 seconds (process running for 5.293)
]]></system-out>
  <system-err><![CDATA[]]></system-err>
</testsuite>
