<?xml version="1.0" encoding="UTF-8"?>
<testsuite name="com.octanner.interview.darkwizard.WizardDaoTest" tests="5" skipped="0" failures="0" errors="0" timestamp="2023-08-12T18:03:02" hostname="LAPTOP-FDCOUU8S" time="0.326">
  <properties/>
  <testcase name="Harry Potter should be listed 4th and have cast 2 spells" classname="com.octanner.interview.darkwizard.WizardDaoTest" time="0.244"/>
  <testcase name="Testing if you can compare lists of objects" classname="com.octanner.interview.darkwizard.WizardDaoTest" time="0.059"/>
  <testcase name="Hermione Granger should not be in the list" classname="com.octanner.interview.darkwizard.WizardDaoTest" time="0.009"/>
  <testcase name="Count of wizards that use unforgivable curses" classname="com.octanner.interview.darkwizard.WizardDaoTest" time="0.007"/>
  <testcase name="Tom Riddle should be listed first and have cast 16 spells" classname="com.octanner.interview.darkwizard.WizardDaoTest" time="0.001"/>
  <system-out><![CDATA[2023-08-12T12:03:02.125-06:00  INFO 28116 --- [    Test worker] t.c.s.AnnotationConfigContextLoaderUtils : Could not detect default configuration classes for test class [com.octanner.interview.darkwizard.WizardDaoTest]: WizardDaoTest does not declare any static, non-private, non-final, nested classes annotated with @Configuration.
2023-08-12T12:03:02.137-06:00  INFO 28116 --- [    Test worker] .b.t.c.SpringBootTestContextBootstrapper : Found @SpringBootConfiguration com.octanner.interview.darkwizard.DarkWizardApplication for test class com.octanner.interview.darkwizard.WizardDaoTest

  .   ____          _            __ _ _
 /\\ / ___'_ __ _ _(_)_ __  __ _ \ \ \ \
( ( )\___ | '_ | '_| | '_ \/ _` | \ \ \ \
 \\/  ___)| |_)| | | | | || (_| |  ) ) ) )
  '  |____| .__|_| |_|_| |_\__, | / / / /
 =========|_|==============|___/=/_/_/_/
 :: Spring Boot ::                (v3.1.1)

2023-08-12T12:03:02.175-06:00  INFO 28116 --- [    Test worker] c.o.interview.darkwizard.WizardDaoTest   : Starting WizardDaoTest using Java 20.0.1 with PID 28116 (started by Jordan Quinn in C:\Users\Jordan Quinn\Downloads\dark-wizard-main\dark-wizard-main)
2023-08-12T12:03:02.175-06:00  INFO 28116 --- [    Test worker] c.o.interview.darkwizard.WizardDaoTest   : No active profile set, falling back to 1 default profile: "default"
2023-08-12T12:03:02.359-06:00  INFO 28116 --- [    Test worker] com.zaxxer.hikari.HikariDataSource       : HikariPool-2 - Starting...
2023-08-12T12:03:02.383-06:00  INFO 28116 --- [    Test worker] com.zaxxer.hikari.pool.HikariPool        : HikariPool-2 - Added connection org.postgresql.jdbc.PgConnection@1a5b7394
2023-08-12T12:03:02.383-06:00  INFO 28116 --- [    Test worker] com.zaxxer.hikari.HikariDataSource       : HikariPool-2 - Start completed.
2023-08-12T12:03:02.385-06:00  INFO 28116 --- [    Test worker] o.f.c.i.database.base.BaseDatabaseType   : Database: jdbc:postgresql://localhost:5432/wizard (PostgreSQL 15.1)
2023-08-12T12:03:02.405-06:00  INFO 28116 --- [    Test worker] o.f.core.internal.command.DbValidate     : Successfully validated 1 migration (execution time 00:00.008s)
2023-08-12T12:03:02.442-06:00  INFO 28116 --- [    Test worker] o.f.core.internal.command.DbMigrate      : Current version of schema "public": 01
2023-08-12T12:03:02.443-06:00  INFO 28116 --- [    Test worker] o.f.core.internal.command.DbMigrate      : Schema "public" is up to date. No migration necessary.
2023-08-12T12:03:02.513-06:00  INFO 28116 --- [    Test worker] c.o.interview.darkwizard.WizardDaoTest   : Started WizardDaoTest in 0.369 seconds (process running for 5.459)
]]></system-out>
  <system-err><![CDATA[]]></system-err>
</testsuite>
